17:17:16.231 [main] INFO  c.b.launchers.LaunchMavenCommand - Executing maven archetype command - browserstack-sdk-archetype-integrate
17:17:16.780 [main] INFO  c.b.launchers.LaunchMavenCommand - The maven properties for launcher are [archetypeVersion=1.5, archetypeGroupId=com.browserstack, archetypeArtifactId=browserstack-sdk-archetype-integrate, BROWSERSTACK_ACCESS_KEY=NmhBqMtc1jfqqryiBW9A, groupId=com.browserstack, artifactId=java-archetype-integrate, BROWSERSTACK_USERNAME=sumitagarwal8, BROWSERSTACK_FRAMEWORK=java, BUILD_NAME=browserstack build, version=1.0, PROJECT_NAME=BrowserStack Sample, BROWSERSTACK_SOURCE=java:eclipse:v1.0.8]
17:28:05.043 [Worker-33: Launching demoTest] INFO  c.b.BrowserStackPluginActivator - The previous launch removed.
17:28:05.047 [Worker-33: Launching demoTest] INFO  c.b.BrowserStackPluginActivator - Existing javaagentArgline (BROWSERSTACK_JAVAAGENT_ARGLINE) in plugin prefs is 
17:28:05.049 [Worker-33: Launching demoTest] INFO  c.b.BrowserStackPluginActivator - Prefs Keys []
17:28:05.050 [Worker-33: Launching demoTest] INFO  c.b.BrowserStackPluginActivator - The environment variables for the launch configuration are {BROWSERSTACK_EXEC_SOURCE=eclipse/1.0.8}
17:31:55.852 [Worker-32: Launching demoTest] INFO  c.b.BrowserStackPluginActivator - The previous launch removed.
17:31:55.857 [Worker-32: Launching demoTest] INFO  c.b.BrowserStackPluginActivator - Existing javaagentArgline (BROWSERSTACK_JAVAAGENT_ARGLINE) in plugin prefs is 
17:31:55.861 [Worker-32: Launching demoTest] INFO  c.b.BrowserStackPluginActivator - Prefs Keys []
17:31:55.863 [Worker-32: Launching demoTest] INFO  c.b.BrowserStackPluginActivator - The environment variables for the launch configuration are {BROWSERSTACK_EXEC_SOURCE=eclipse/1.0.8}
17:32:13.771 [Worker-30: Launching demoTest.runtest] INFO  c.b.BrowserStackPluginActivator - The previous launch removed.
17:32:13.773 [Worker-30: Launching demoTest.runtest] INFO  c.b.BrowserStackPluginActivator - Existing javaagentArgline (BROWSERSTACK_JAVAAGENT_ARGLINE) in plugin prefs is 
17:32:13.778 [Worker-30: Launching demoTest.runtest] INFO  c.b.BrowserStackPluginActivator - Prefs Keys []
17:32:13.780 [Worker-30: Launching demoTest.runtest] INFO  c.b.BrowserStackPluginActivator - The environment variables for the launch configuration are {BROWSERSTACK_EXEC_SOURCE=eclipse/1.0.8}
17:32:14.076 [Worker-30: Launching demoTest.runtest] INFO  c.b.BrowserStackPluginActivator - The previous launch removed.
17:33:04.604 [Worker-25: Launching demoTest] INFO  c.b.BrowserStackPluginActivator - Existing javaagentArgline (BROWSERSTACK_JAVAAGENT_ARGLINE) in plugin prefs is 
17:33:04.607 [Worker-25: Launching demoTest] INFO  c.b.BrowserStackPluginActivator - Prefs Keys []
17:33:04.608 [Worker-25: Launching demoTest] INFO  c.b.BrowserStackPluginActivator - The environment variables for the launch configuration are {BROWSERSTACK_EXEC_SOURCE=eclipse/1.0.8}
17:38:16.274 [Worker-38: Launching demoTest] INFO  c.b.BrowserStackPluginActivator - The previous launch removed.
17:38:16.277 [Worker-38: Launching demoTest] INFO  c.b.BrowserStackPluginActivator - Existing javaagentArgline (BROWSERSTACK_JAVAAGENT_ARGLINE) in plugin prefs is 
17:38:16.282 [Worker-38: Launching demoTest] INFO  c.b.BrowserStackPluginActivator - Prefs Keys []
17:38:16.283 [Worker-38: Launching demoTest] INFO  c.b.BrowserStackPluginActivator - The environment variables for the launch configuration are {BROWSERSTACK_EXEC_SOURCE=eclipse/1.0.8}
17:50:30.302 [Worker-45: Launching demoTest] INFO  c.b.BrowserStackPluginActivator - The previous launch removed.
17:50:30.305 [Worker-45: Launching demoTest] INFO  c.b.BrowserStackPluginActivator - Existing javaagentArgline (BROWSERSTACK_JAVAAGENT_ARGLINE) in plugin prefs is 
17:50:30.307 [Worker-45: Launching demoTest] INFO  c.b.BrowserStackPluginActivator - Prefs Keys []
17:50:30.308 [Worker-45: Launching demoTest] INFO  c.b.BrowserStackPluginActivator - The environment variables for the launch configuration are {BROWSERSTACK_EXEC_SOURCE=eclipse/1.0.8}
17:54:32.558 [main] INFO  c.b.a.BrowserStackPropertyTester - Testing : isBrowserStackEnabled
17:54:32.568 [main] INFO  c.b.BrowserStackPluginActivator - Prefs Keys []
17:54:32.570 [main] INFO  c.b.a.BrowserStackPropertyTester - Validation Result isBrowserStackEnabled : true P/Demo
17:54:32.572 [main] INFO  c.b.a.BrowserStackPropertyTester - Testing : isBrowserStackDisabled
17:54:32.572 [main] INFO  c.b.BrowserStackPluginActivator - Prefs Keys []
17:54:32.575 [main] INFO  c.b.a.BrowserStackPropertyTester - Validation Result isBrowserStackDisabled : false P/Demo
18:03:31.946 [Worker-43: Launching demoTest] INFO  c.b.BrowserStackPluginActivator - The previous launch removed.
18:03:31.950 [Worker-43: Launching demoTest] INFO  c.b.BrowserStackPluginActivator - Existing javaagentArgline (BROWSERSTACK_JAVAAGENT_ARGLINE) in plugin prefs is 
18:03:31.951 [Worker-43: Launching demoTest] INFO  c.b.BrowserStackPluginActivator - Prefs Keys []
18:03:31.953 [Worker-43: Launching demoTest] INFO  c.b.BrowserStackPluginActivator - The environment variables for the launch configuration are {BROWSERSTACK_EXEC_SOURCE=eclipse/1.0.8}
18:10:54.393 [Worker-51: Launching demoTest] INFO  c.b.BrowserStackPluginActivator - The previous launch removed.
18:10:54.407 [Worker-51: Launching demoTest] INFO  c.b.BrowserStackPluginActivator - Existing javaagentArgline (BROWSERSTACK_JAVAAGENT_ARGLINE) in plugin prefs is 
18:10:54.412 [Worker-51: Launching demoTest] INFO  c.b.BrowserStackPluginActivator - Prefs Keys []
18:10:54.413 [Worker-51: Launching demoTest] INFO  c.b.BrowserStackPluginActivator - The environment variables for the launch configuration are {BROWSERSTACK_EXEC_SOURCE=eclipse/1.0.8}
18:37:23.766 [Worker-63: Launching demoTest] INFO  c.b.BrowserStackPluginActivator - The previous launch removed.
18:37:23.794 [Worker-63: Launching demoTest] INFO  c.b.BrowserStackPluginActivator - Existing javaagentArgline (BROWSERSTACK_JAVAAGENT_ARGLINE) in plugin prefs is 
18:37:23.804 [Worker-63: Launching demoTest] INFO  c.b.BrowserStackPluginActivator - Prefs Keys []
18:37:23.805 [Worker-63: Launching demoTest] INFO  c.b.BrowserStackPluginActivator - The environment variables for the launch configuration are {BROWSERSTACK_EXEC_SOURCE=eclipse/1.0.8}
18:39:25.488 [Worker-64: Launching demoTest] INFO  c.b.BrowserStackPluginActivator - The previous launch removed.
18:39:25.491 [Worker-64: Launching demoTest] INFO  c.b.BrowserStackPluginActivator - Existing javaagentArgline (BROWSERSTACK_JAVAAGENT_ARGLINE) in plugin prefs is 
18:39:25.496 [Worker-64: Launching demoTest] INFO  c.b.BrowserStackPluginActivator - Prefs Keys []
18:39:25.497 [Worker-64: Launching demoTest] INFO  c.b.BrowserStackPluginActivator - The environment variables for the launch configuration are {BROWSERSTACK_EXEC_SOURCE=eclipse/1.0.8}
18:41:18.464 [Worker-60: Launching demoTest] INFO  c.b.BrowserStackPluginActivator - The previous launch removed.
18:41:18.468 [Worker-60: Launching demoTest] INFO  c.b.BrowserStackPluginActivator - Existing javaagentArgline (BROWSERSTACK_JAVAAGENT_ARGLINE) in plugin prefs is 
18:41:18.471 [Worker-60: Launching demoTest] INFO  c.b.BrowserStackPluginActivator - Prefs Keys []
18:41:18.472 [Worker-60: Launching demoTest] INFO  c.b.BrowserStackPluginActivator - The environment variables for the launch configuration are {BROWSERSTACK_EXEC_SOURCE=eclipse/1.0.8}
18:44:19.402 [Worker-65: Launching demoTest] INFO  c.b.BrowserStackPluginActivator - The previous launch removed.
18:44:19.417 [Worker-65: Launching demoTest] INFO  c.b.BrowserStackPluginActivator - Existing javaagentArgline (BROWSERSTACK_JAVAAGENT_ARGLINE) in plugin prefs is 
18:44:19.422 [Worker-65: Launching demoTest] INFO  c.b.BrowserStackPluginActivator - Prefs Keys []
18:44:19.424 [Worker-65: Launching demoTest] INFO  c.b.BrowserStackPluginActivator - The environment variables for the launch configuration are {BROWSERSTACK_EXEC_SOURCE=eclipse/1.0.8}
18:45:51.857 [Worker-61: Launching demoTest] INFO  c.b.BrowserStackPluginActivator - The previous launch removed.
18:45:51.871 [Worker-61: Launching demoTest] INFO  c.b.BrowserStackPluginActivator - Existing javaagentArgline (BROWSERSTACK_JAVAAGENT_ARGLINE) in plugin prefs is 
18:45:51.878 [Worker-61: Launching demoTest] INFO  c.b.BrowserStackPluginActivator - Prefs Keys []
18:45:51.879 [Worker-61: Launching demoTest] INFO  c.b.BrowserStackPluginActivator - The environment variables for the launch configuration are {BROWSERSTACK_EXEC_SOURCE=eclipse/1.0.8}
19:02:32.211 [Worker-67: Launching demoTest] INFO  c.b.BrowserStackPluginActivator - The previous launch removed.
19:02:32.228 [Worker-67: Launching demoTest] INFO  c.b.BrowserStackPluginActivator - Existing javaagentArgline (BROWSERSTACK_JAVAAGENT_ARGLINE) in plugin prefs is 
19:02:32.232 [Worker-67: Launching demoTest] INFO  c.b.BrowserStackPluginActivator - Prefs Keys []
19:02:32.235 [Worker-67: Launching demoTest] INFO  c.b.BrowserStackPluginActivator - The environment variables for the launch configuration are {BROWSERSTACK_EXEC_SOURCE=eclipse/1.0.8}
19:06:52.786 [Worker-62: Launching demoTest] INFO  c.b.BrowserStackPluginActivator - The previous launch removed.
19:06:52.801 [Worker-62: Launching demoTest] INFO  c.b.BrowserStackPluginActivator - Existing javaagentArgline (BROWSERSTACK_JAVAAGENT_ARGLINE) in plugin prefs is 
19:06:52.811 [Worker-62: Launching demoTest] INFO  c.b.BrowserStackPluginActivator - Prefs Keys []
19:06:52.814 [Worker-62: Launching demoTest] INFO  c.b.BrowserStackPluginActivator - The environment variables for the launch configuration are {BROWSERSTACK_EXEC_SOURCE=eclipse/1.0.8}
19:08:25.879 [Worker-75: Launching demoTest] INFO  c.b.BrowserStackPluginActivator - The previous launch removed.
19:08:25.884 [Worker-75: Launching demoTest] INFO  c.b.BrowserStackPluginActivator - Existing javaagentArgline (BROWSERSTACK_JAVAAGENT_ARGLINE) in plugin prefs is 
19:08:25.891 [Worker-75: Launching demoTest] INFO  c.b.BrowserStackPluginActivator - Prefs Keys []
19:08:25.893 [Worker-75: Launching demoTest] INFO  c.b.BrowserStackPluginActivator - The environment variables for the launch configuration are {BROWSERSTACK_EXEC_SOURCE=eclipse/1.0.8}
19:19:30.073 [Worker-81: Launching demoTest] INFO  c.b.BrowserStackPluginActivator - The previous launch removed.
19:19:30.077 [Worker-81: Launching demoTest] INFO  c.b.BrowserStackPluginActivator - Existing javaagentArgline (BROWSERSTACK_JAVAAGENT_ARGLINE) in plugin prefs is 
19:19:30.079 [Worker-81: Launching demoTest] INFO  c.b.BrowserStackPluginActivator - Prefs Keys []
19:19:30.079 [Worker-81: Launching demoTest] INFO  c.b.BrowserStackPluginActivator - The environment variables for the launch configuration are {BROWSERSTACK_EXEC_SOURCE=eclipse/1.0.8}
19:19:32.547 [Worker-81: Launching demoTest] INFO  c.b.BrowserStackPluginActivator - The previous launch removed.
19:20:00.002 [Worker-69: Launching demoTest] INFO  c.b.BrowserStackPluginActivator - Existing javaagentArgline (BROWSERSTACK_JAVAAGENT_ARGLINE) in plugin prefs is 
19:20:00.007 [Worker-69: Launching demoTest] INFO  c.b.BrowserStackPluginActivator - Prefs Keys []
19:20:00.009 [Worker-69: Launching demoTest] INFO  c.b.BrowserStackPluginActivator - The environment variables for the launch configuration are {BROWSERSTACK_EXEC_SOURCE=eclipse/1.0.8}
19:29:50.147 [Worker-86: Launching Demo_src.main.java.testng.xml] INFO  c.b.BrowserStackPluginActivator - The previous launch removed.
19:29:50.160 [Worker-86: Launching Demo_src.main.java.testng.xml] INFO  c.b.BrowserStackPluginActivator - Existing javaagentArgline (BROWSERSTACK_JAVAAGENT_ARGLINE) in plugin prefs is 
19:29:50.162 [Worker-86: Launching Demo_src.main.java.testng.xml] INFO  c.b.BrowserStackPluginActivator - Prefs Keys []
19:29:50.163 [Worker-86: Launching Demo_src.main.java.testng.xml] INFO  c.b.BrowserStackPluginActivator - The environment variables for the launch configuration are {BROWSERSTACK_EXEC_SOURCE=eclipse/1.0.8}
19:32:08.714 [Worker-92: Launching Demo_src.main.java.testng.xml] INFO  c.b.BrowserStackPluginActivator - The previous launch removed.
19:32:08.718 [Worker-92: Launching Demo_src.main.java.testng.xml] INFO  c.b.BrowserStackPluginActivator - Existing javaagentArgline (BROWSERSTACK_JAVAAGENT_ARGLINE) in plugin prefs is 
19:32:08.721 [Worker-92: Launching Demo_src.main.java.testng.xml] INFO  c.b.BrowserStackPluginActivator - Prefs Keys []
19:32:08.722 [Worker-92: Launching Demo_src.main.java.testng.xml] INFO  c.b.BrowserStackPluginActivator - The environment variables for the launch configuration are {BROWSERSTACK_EXEC_SOURCE=eclipse/1.0.8}
19:32:35.592 [Worker-88: Launching Demo_src.main.java.testng.xml] INFO  c.b.BrowserStackPluginActivator - The previous launch removed.
19:32:35.594 [Worker-88: Launching Demo_src.main.java.testng.xml] INFO  c.b.BrowserStackPluginActivator - Existing javaagentArgline (BROWSERSTACK_JAVAAGENT_ARGLINE) in plugin prefs is 
19:32:35.597 [Worker-88: Launching Demo_src.main.java.testng.xml] INFO  c.b.BrowserStackPluginActivator - Prefs Keys []
19:32:35.598 [Worker-88: Launching Demo_src.main.java.testng.xml] INFO  c.b.BrowserStackPluginActivator - The environment variables for the launch configuration are {BROWSERSTACK_EXEC_SOURCE=eclipse/1.0.8}
19:36:02.006 [Worker-93: Launching Demo_src.main.java.testng.xml] INFO  c.b.BrowserStackPluginActivator - The previous launch removed.
19:36:02.014 [Worker-93: Launching Demo_src.main.java.testng.xml] INFO  c.b.BrowserStackPluginActivator - Existing javaagentArgline (BROWSERSTACK_JAVAAGENT_ARGLINE) in plugin prefs is 
19:36:02.018 [Worker-93: Launching Demo_src.main.java.testng.xml] INFO  c.b.BrowserStackPluginActivator - Prefs Keys []
19:36:02.020 [Worker-93: Launching Demo_src.main.java.testng.xml] INFO  c.b.BrowserStackPluginActivator - The environment variables for the launch configuration are {BROWSERSTACK_EXEC_SOURCE=eclipse/1.0.8}
19:36:50.871 [Worker-95: Launching demoTest] INFO  c.b.BrowserStackPluginActivator - The previous launch removed.
19:36:50.873 [Worker-95: Launching demoTest] INFO  c.b.BrowserStackPluginActivator - Existing javaagentArgline (BROWSERSTACK_JAVAAGENT_ARGLINE) in plugin prefs is 
19:36:50.878 [Worker-95: Launching demoTest] INFO  c.b.BrowserStackPluginActivator - Prefs Keys []
19:36:50.879 [Worker-95: Launching demoTest] INFO  c.b.BrowserStackPluginActivator - The environment variables for the launch configuration are {BROWSERSTACK_EXEC_SOURCE=eclipse/1.0.8}
19:38:55.485 [main] INFO  c.b.a.BrowserStackPropertyTester - Testing : isBrowserStackEnabled
19:38:55.485 [main] INFO  c.b.BrowserStackPluginActivator - Prefs Keys []
19:38:55.487 [main] INFO  c.b.a.BrowserStackPropertyTester - Validation Result isBrowserStackEnabled : true P/Demo
19:38:55.488 [main] INFO  c.b.a.BrowserStackPropertyTester - Testing : isBrowserStackDisabled
19:38:55.488 [main] INFO  c.b.BrowserStackPluginActivator - Prefs Keys []
19:38:55.491 [main] INFO  c.b.a.BrowserStackPropertyTester - Validation Result isBrowserStackDisabled : false P/Demo
19:39:05.965 [Worker-94: Launching Demo_src.main.java.testng.xml] INFO  c.b.BrowserStackPluginActivator - The previous launch removed.
19:39:05.967 [Worker-94: Launching Demo_src.main.java.testng.xml] INFO  c.b.BrowserStackPluginActivator - Existing javaagentArgline (BROWSERSTACK_JAVAAGENT_ARGLINE) in plugin prefs is 
19:39:05.970 [Worker-94: Launching Demo_src.main.java.testng.xml] INFO  c.b.BrowserStackPluginActivator - Prefs Keys []
19:39:05.971 [Worker-94: Launching Demo_src.main.java.testng.xml] INFO  c.b.BrowserStackPluginActivator - The environment variables for the launch configuration are {BROWSERSTACK_EXEC_SOURCE=eclipse/1.0.8}
19:40:07.688 [main] INFO  c.b.a.BrowserStackPropertyTester - Testing : isBrowserStackEnabled
19:40:07.688 [main] INFO  c.b.BrowserStackPluginActivator - Prefs Keys []
19:40:07.691 [main] INFO  c.b.a.BrowserStackPropertyTester - Validation Result isBrowserStackEnabled : true P/Demo
19:40:07.692 [main] INFO  c.b.a.BrowserStackPropertyTester - Testing : isBrowserStackDisabled
19:40:07.692 [main] INFO  c.b.BrowserStackPluginActivator - Prefs Keys []
19:40:07.695 [main] INFO  c.b.a.BrowserStackPropertyTester - Validation Result isBrowserStackDisabled : false P/Demo
19:40:12.974 [Worker-93: Launching Demo_src.main.java.testng.xml] INFO  c.b.BrowserStackPluginActivator - The previous launch removed.
19:40:12.976 [Worker-93: Launching Demo_src.main.java.testng.xml] INFO  c.b.BrowserStackPluginActivator - Existing javaagentArgline (BROWSERSTACK_JAVAAGENT_ARGLINE) in plugin prefs is 
19:40:12.980 [Worker-93: Launching Demo_src.main.java.testng.xml] INFO  c.b.BrowserStackPluginActivator - Prefs Keys []
19:40:12.981 [Worker-93: Launching Demo_src.main.java.testng.xml] INFO  c.b.BrowserStackPluginActivator - The environment variables for the launch configuration are {BROWSERSTACK_EXEC_SOURCE=eclipse/1.0.8}
19:48:05.595 [Worker-93: Launching Demo_src.main.java.testng.xml] INFO  c.b.BrowserStackPluginActivator - The previous launch removed.
19:48:05.739 [Worker-93: Launching Demo_src.main.java.testng.xml] INFO  c.b.BrowserStackPluginActivator - Existing javaagentArgline (BROWSERSTACK_JAVAAGENT_ARGLINE) in plugin prefs is 
19:48:05.756 [Worker-93: Launching Demo_src.main.java.testng.xml] INFO  c.b.BrowserStackPluginActivator - Prefs Keys []
19:48:05.760 [Worker-93: Launching Demo_src.main.java.testng.xml] INFO  c.b.BrowserStackPluginActivator - The environment variables for the launch configuration are {BROWSERSTACK_EXEC_SOURCE=eclipse/1.0.8}
19:50:44.781 [Worker-93: Launching Demo_src.main.java.testng.xml] INFO  c.b.BrowserStackPluginActivator - The previous launch removed.
19:50:44.789 [Worker-93: Launching Demo_src.main.java.testng.xml] INFO  c.b.BrowserStackPluginActivator - Existing javaagentArgline (BROWSERSTACK_JAVAAGENT_ARGLINE) in plugin prefs is 
19:50:44.795 [Worker-93: Launching Demo_src.main.java.testng.xml] INFO  c.b.BrowserStackPluginActivator - Prefs Keys []
19:50:44.797 [Worker-93: Launching Demo_src.main.java.testng.xml] INFO  c.b.BrowserStackPluginActivator - The environment variables for the launch configuration are {BROWSERSTACK_EXEC_SOURCE=eclipse/1.0.8}
19:53:50.984 [main] INFO  c.b.a.BrowserStackPropertyTester - Testing : isBrowserStackEnabled
19:53:50.992 [main] INFO  c.b.BrowserStackPluginActivator - Prefs Keys []
19:53:50.997 [main] INFO  c.b.a.BrowserStackPropertyTester - Validation Result isBrowserStackEnabled : true P/Demo
19:53:50.999 [main] INFO  c.b.a.BrowserStackPropertyTester - Testing : isBrowserStackDisabled
19:53:50.999 [main] INFO  c.b.BrowserStackPluginActivator - Prefs Keys []
19:53:51.002 [main] INFO  c.b.a.BrowserStackPropertyTester - Validation Result isBrowserStackDisabled : false P/Demo
19:54:28.187 [Worker-108: Launching Demo_src.main.java.testng.xml] INFO  c.b.BrowserStackPluginActivator - The previous launch removed.
19:54:28.190 [Worker-108: Launching Demo_src.main.java.testng.xml] INFO  c.b.BrowserStackPluginActivator - Existing javaagentArgline (BROWSERSTACK_JAVAAGENT_ARGLINE) in plugin prefs is 
19:54:28.195 [Worker-108: Launching Demo_src.main.java.testng.xml] INFO  c.b.BrowserStackPluginActivator - Prefs Keys []
19:54:28.197 [Worker-108: Launching Demo_src.main.java.testng.xml] INFO  c.b.BrowserStackPluginActivator - The environment variables for the launch configuration are {BROWSERSTACK_EXEC_SOURCE=eclipse/1.0.8}
19:55:53.971 [Worker-113: Launching Demo_src.main.java.testng.xml] INFO  c.b.BrowserStackPluginActivator - The previous launch removed.
19:55:53.975 [Worker-113: Launching Demo_src.main.java.testng.xml] INFO  c.b.BrowserStackPluginActivator - Existing javaagentArgline (BROWSERSTACK_JAVAAGENT_ARGLINE) in plugin prefs is 
19:55:53.978 [Worker-113: Launching Demo_src.main.java.testng.xml] INFO  c.b.BrowserStackPluginActivator - Prefs Keys []
19:55:53.980 [Worker-113: Launching Demo_src.main.java.testng.xml] INFO  c.b.BrowserStackPluginActivator - The environment variables for the launch configuration are {BROWSERSTACK_EXEC_SOURCE=eclipse/1.0.8}
20:01:10.643 [Worker-113: Launching Demo_src.main.java.testng.xml] INFO  c.b.BrowserStackPluginActivator - The previous launch removed.
20:01:10.661 [Worker-113: Launching Demo_src.main.java.testng.xml] INFO  c.b.BrowserStackPluginActivator - Existing javaagentArgline (BROWSERSTACK_JAVAAGENT_ARGLINE) in plugin prefs is 
20:01:10.669 [Worker-113: Launching Demo_src.main.java.testng.xml] INFO  c.b.BrowserStackPluginActivator - Prefs Keys []
20:01:10.672 [Worker-113: Launching Demo_src.main.java.testng.xml] INFO  c.b.BrowserStackPluginActivator - The environment variables for the launch configuration are {BROWSERSTACK_EXEC_SOURCE=eclipse/1.0.8}
20:02:39.057 [Worker-113: Launching Demo_src.main.java.testng.xml] INFO  c.b.BrowserStackPluginActivator - The previous launch removed.
20:02:39.061 [Worker-113: Launching Demo_src.main.java.testng.xml] INFO  c.b.BrowserStackPluginActivator - Existing javaagentArgline (BROWSERSTACK_JAVAAGENT_ARGLINE) in plugin prefs is 
20:02:39.068 [Worker-113: Launching Demo_src.main.java.testng.xml] INFO  c.b.BrowserStackPluginActivator - Prefs Keys []
20:02:39.071 [Worker-113: Launching Demo_src.main.java.testng.xml] INFO  c.b.BrowserStackPluginActivator - The environment variables for the launch configuration are {BROWSERSTACK_EXEC_SOURCE=eclipse/1.0.8}
20:05:54.321 [Worker-114: Launching Demo_src.main.java.testng.xml] INFO  c.b.BrowserStackPluginActivator - The previous launch removed.
20:05:54.335 [Worker-114: Launching Demo_src.main.java.testng.xml] INFO  c.b.BrowserStackPluginActivator - Existing javaagentArgline (BROWSERSTACK_JAVAAGENT_ARGLINE) in plugin prefs is 
20:05:54.343 [Worker-114: Launching Demo_src.main.java.testng.xml] INFO  c.b.BrowserStackPluginActivator - Prefs Keys []
20:05:54.346 [Worker-114: Launching Demo_src.main.java.testng.xml] INFO  c.b.BrowserStackPluginActivator - The environment variables for the launch configuration are {BROWSERSTACK_EXEC_SOURCE=eclipse/1.0.8}
20:08:45.929 [Worker-114: Launching Demo_src.main.java.testng.xml] INFO  c.b.BrowserStackPluginActivator - The previous launch removed.
20:08:45.940 [Worker-114: Launching Demo_src.main.java.testng.xml] INFO  c.b.BrowserStackPluginActivator - Existing javaagentArgline (BROWSERSTACK_JAVAAGENT_ARGLINE) in plugin prefs is 
20:08:45.949 [Worker-114: Launching Demo_src.main.java.testng.xml] INFO  c.b.BrowserStackPluginActivator - Prefs Keys []
20:08:45.953 [Worker-114: Launching Demo_src.main.java.testng.xml] INFO  c.b.BrowserStackPluginActivator - The environment variables for the launch configuration are {BROWSERSTACK_EXEC_SOURCE=eclipse/1.0.8}
20:16:51.177 [Worker-122: Launching Demo_src.main.java.testng.xml] INFO  c.b.BrowserStackPluginActivator - The previous launch removed.
20:16:51.184 [Worker-122: Launching Demo_src.main.java.testng.xml] INFO  c.b.BrowserStackPluginActivator - Existing javaagentArgline (BROWSERSTACK_JAVAAGENT_ARGLINE) in plugin prefs is 
20:16:51.188 [Worker-122: Launching Demo_src.main.java.testng.xml] INFO  c.b.BrowserStackPluginActivator - Prefs Keys []
20:16:51.188 [Worker-122: Launching Demo_src.main.java.testng.xml] INFO  c.b.BrowserStackPluginActivator - The environment variables for the launch configuration are {BROWSERSTACK_EXEC_SOURCE=eclipse/1.0.8}
20:24:15.326 [Worker-126: Launching Demo_src.main.java.testng.xml] INFO  c.b.BrowserStackPluginActivator - The previous launch removed.
20:24:15.348 [Worker-126: Launching Demo_src.main.java.testng.xml] INFO  c.b.BrowserStackPluginActivator - Existing javaagentArgline (BROWSERSTACK_JAVAAGENT_ARGLINE) in plugin prefs is 
20:24:15.356 [Worker-126: Launching Demo_src.main.java.testng.xml] INFO  c.b.BrowserStackPluginActivator - Prefs Keys []
20:24:15.358 [Worker-126: Launching Demo_src.main.java.testng.xml] INFO  c.b.BrowserStackPluginActivator - The environment variables for the launch configuration are {BROWSERSTACK_EXEC_SOURCE=eclipse/1.0.8}
20:46:15.190 [Worker-132: Launching Demo_src.main.java.testng.xml] INFO  c.b.BrowserStackPluginActivator - The previous launch removed.
20:46:15.202 [Worker-132: Launching Demo_src.main.java.testng.xml] INFO  c.b.BrowserStackPluginActivator - Existing javaagentArgline (BROWSERSTACK_JAVAAGENT_ARGLINE) in plugin prefs is 
20:46:15.204 [Worker-132: Launching Demo_src.main.java.testng.xml] INFO  c.b.BrowserStackPluginActivator - Prefs Keys []
20:46:15.205 [Worker-132: Launching Demo_src.main.java.testng.xml] INFO  c.b.BrowserStackPluginActivator - The environment variables for the launch configuration are {BROWSERSTACK_EXEC_SOURCE=eclipse/1.0.8}
20:48:00.720 [Worker-134: Launching Demo_src.main.java.testng.xml] INFO  c.b.BrowserStackPluginActivator - The previous launch removed.
20:48:00.723 [Worker-134: Launching Demo_src.main.java.testng.xml] INFO  c.b.BrowserStackPluginActivator - Existing javaagentArgline (BROWSERSTACK_JAVAAGENT_ARGLINE) in plugin prefs is 
20:48:00.754 [Worker-134: Launching Demo_src.main.java.testng.xml] INFO  c.b.BrowserStackPluginActivator - Prefs Keys []
20:48:00.754 [Worker-134: Launching Demo_src.main.java.testng.xml] INFO  c.b.BrowserStackPluginActivator - The environment variables for the launch configuration are {BROWSERSTACK_EXEC_SOURCE=eclipse/1.0.8}
20:49:05.784 [Worker-135: Launching Demo_src.main.java.testng.xml] INFO  c.b.BrowserStackPluginActivator - The previous launch removed.
20:49:05.785 [Worker-135: Launching Demo_src.main.java.testng.xml] INFO  c.b.BrowserStackPluginActivator - Existing javaagentArgline (BROWSERSTACK_JAVAAGENT_ARGLINE) in plugin prefs is 
20:49:05.828 [Worker-135: Launching Demo_src.main.java.testng.xml] INFO  c.b.BrowserStackPluginActivator - Prefs Keys []
20:49:05.829 [Worker-135: Launching Demo_src.main.java.testng.xml] INFO  c.b.BrowserStackPluginActivator - The environment variables for the launch configuration are {BROWSERSTACK_EXEC_SOURCE=eclipse/1.0.8}
20:50:24.140 [Worker-132: Launching Demo_src.main.java.testng.xml] INFO  c.b.BrowserStackPluginActivator - The previous launch removed.
20:50:24.141 [Worker-132: Launching Demo_src.main.java.testng.xml] INFO  c.b.BrowserStackPluginActivator - Existing javaagentArgline (BROWSERSTACK_JAVAAGENT_ARGLINE) in plugin prefs is 
20:50:24.153 [Worker-132: Launching Demo_src.main.java.testng.xml] INFO  c.b.BrowserStackPluginActivator - Prefs Keys []
20:50:24.154 [Worker-132: Launching Demo_src.main.java.testng.xml] INFO  c.b.BrowserStackPluginActivator - The environment variables for the launch configuration are {BROWSERSTACK_EXEC_SOURCE=eclipse/1.0.8}
20:51:22.054 [Worker-136: Launching Demo_src.main.java.testng.xml] INFO  c.b.BrowserStackPluginActivator - The previous launch removed.
20:51:22.055 [Worker-136: Launching Demo_src.main.java.testng.xml] INFO  c.b.BrowserStackPluginActivator - Existing javaagentArgline (BROWSERSTACK_JAVAAGENT_ARGLINE) in plugin prefs is 
20:51:22.098 [Worker-136: Launching Demo_src.main.java.testng.xml] INFO  c.b.BrowserStackPluginActivator - Prefs Keys []
20:51:22.098 [Worker-136: Launching Demo_src.main.java.testng.xml] INFO  c.b.BrowserStackPluginActivator - The environment variables for the launch configuration are {BROWSERSTACK_EXEC_SOURCE=eclipse/1.0.8}
20:53:06.082 [Worker-133: Launching Demo_src.main.java.testng.xml] INFO  c.b.BrowserStackPluginActivator - Existing javaagentArgline (BROWSERSTACK_JAVAAGENT_ARGLINE) in plugin prefs is 
20:53:06.106 [Worker-133: Launching Demo_src.main.java.testng.xml] INFO  c.b.BrowserStackPluginActivator - Prefs Keys []
20:53:06.107 [Worker-133: Launching Demo_src.main.java.testng.xml] INFO  c.b.BrowserStackPluginActivator - The environment variables for the launch configuration are {BROWSERSTACK_EXEC_SOURCE=eclipse/1.0.8}
20:57:17.897 [Worker-134: Launching Demo_src.main.java.testng.xml] INFO  c.b.BrowserStackPluginActivator - The previous launch removed.
20:57:17.900 [Worker-134: Launching Demo_src.main.java.testng.xml] INFO  c.b.BrowserStackPluginActivator - The previous launch removed.
20:57:17.901 [Worker-134: Launching Demo_src.main.java.testng.xml] INFO  c.b.BrowserStackPluginActivator - Existing javaagentArgline (BROWSERSTACK_JAVAAGENT_ARGLINE) in plugin prefs is 
20:57:17.903 [Worker-134: Launching Demo_src.main.java.testng.xml] INFO  c.b.BrowserStackPluginActivator - Prefs Keys []
20:57:17.904 [Worker-134: Launching Demo_src.main.java.testng.xml] INFO  c.b.BrowserStackPluginActivator - The environment variables for the launch configuration are {BROWSERSTACK_EXEC_SOURCE=eclipse/1.0.8}
20:57:40.271 [main] INFO  c.b.a.BrowserStackPropertyTester - Testing : isBrowserStackEnabled
20:57:40.271 [main] INFO  c.b.BrowserStackPluginActivator - Prefs Keys []
20:57:40.272 [main] INFO  c.b.a.BrowserStackPropertyTester - Validation Result isBrowserStackEnabled : true P/Demo
20:57:40.273 [main] INFO  c.b.a.BrowserStackPropertyTester - Testing : isBrowserStackDisabled
20:57:40.273 [main] INFO  c.b.BrowserStackPluginActivator - Prefs Keys []
20:57:40.275 [main] INFO  c.b.a.BrowserStackPropertyTester - Validation Result isBrowserStackDisabled : false P/Demo
20:57:41.339 [main] INFO  c.b.a.BrowserStackPropertyTester - Testing : isBrowserStackEnabled
20:57:41.339 [main] INFO  c.b.BrowserStackPluginActivator - Prefs Keys []
20:57:41.340 [main] INFO  c.b.a.BrowserStackPropertyTester - Validation Result isBrowserStackEnabled : true P/Demo
20:57:41.341 [main] INFO  c.b.a.BrowserStackPropertyTester - Testing : isBrowserStackDisabled
20:57:41.341 [main] INFO  c.b.BrowserStackPluginActivator - Prefs Keys []
20:57:41.342 [main] INFO  c.b.a.BrowserStackPropertyTester - Validation Result isBrowserStackDisabled : false P/Demo
20:57:43.377 [main] INFO  c.b.a.BrowserStackPropertyTester - Testing : isBrowserStackEnabled
20:57:43.377 [main] INFO  c.b.BrowserStackPluginActivator - Prefs Keys []
20:57:43.378 [main] INFO  c.b.a.BrowserStackPropertyTester - Validation Result isBrowserStackEnabled : true P/Demo
20:57:43.379 [main] INFO  c.b.a.BrowserStackPropertyTester - Testing : isBrowserStackDisabled
20:57:43.379 [main] INFO  c.b.BrowserStackPluginActivator - Prefs Keys []
20:57:43.380 [main] INFO  c.b.a.BrowserStackPropertyTester - Validation Result isBrowserStackDisabled : false P/Demo
20:58:13.253 [Worker-134: Launching Demo_src.main.java.testng.xml] INFO  c.b.BrowserStackPluginActivator - The previous launch removed.
20:58:13.255 [Worker-134: Launching Demo_src.main.java.testng.xml] INFO  c.b.BrowserStackPluginActivator - Existing javaagentArgline (BROWSERSTACK_JAVAAGENT_ARGLINE) in plugin prefs is 
20:58:13.256 [Worker-134: Launching Demo_src.main.java.testng.xml] INFO  c.b.BrowserStackPluginActivator - Prefs Keys []
20:58:13.258 [Worker-134: Launching Demo_src.main.java.testng.xml] INFO  c.b.BrowserStackPluginActivator - The environment variables for the launch configuration are {BROWSERSTACK_EXEC_SOURCE=eclipse/1.0.8}
20:58:45.326 [Worker-140: Launching Demo_src.main.java.testng.xml] INFO  c.b.BrowserStackPluginActivator - The previous launch removed.
20:58:45.328 [Worker-140: Launching Demo_src.main.java.testng.xml] INFO  c.b.BrowserStackPluginActivator - Existing javaagentArgline (BROWSERSTACK_JAVAAGENT_ARGLINE) in plugin prefs is 
20:58:45.331 [Worker-140: Launching Demo_src.main.java.testng.xml] INFO  c.b.BrowserStackPluginActivator - Prefs Keys []
20:58:45.333 [Worker-140: Launching Demo_src.main.java.testng.xml] INFO  c.b.BrowserStackPluginActivator - The environment variables for the launch configuration are {BROWSERSTACK_EXEC_SOURCE=eclipse/1.0.8}
20:59:08.746 [main] INFO  c.b.a.BrowserStackPropertyTester - Testing : isBrowserStackEnabled
20:59:08.746 [main] INFO  c.b.BrowserStackPluginActivator - Prefs Keys []
20:59:08.749 [main] INFO  c.b.a.BrowserStackPropertyTester - Validation Result isBrowserStackEnabled : true P/Demo
20:59:08.749 [main] INFO  c.b.a.BrowserStackPropertyTester - Testing : isBrowserStackDisabled
20:59:08.749 [main] INFO  c.b.BrowserStackPluginActivator - Prefs Keys []
20:59:08.750 [main] INFO  c.b.a.BrowserStackPropertyTester - Validation Result isBrowserStackDisabled : false P/Demo
21:00:12.414 [Worker-139: Launching Demo_src.main.java.testng.xml] INFO  c.b.BrowserStackPluginActivator - The previous launch removed.
21:00:12.416 [Worker-139: Launching Demo_src.main.java.testng.xml] INFO  c.b.BrowserStackPluginActivator - Existing javaagentArgline (BROWSERSTACK_JAVAAGENT_ARGLINE) in plugin prefs is 
21:00:12.418 [Worker-139: Launching Demo_src.main.java.testng.xml] INFO  c.b.BrowserStackPluginActivator - Prefs Keys []
21:00:12.420 [Worker-139: Launching Demo_src.main.java.testng.xml] INFO  c.b.BrowserStackPluginActivator - The environment variables for the launch configuration are {BROWSERSTACK_EXEC_SOURCE=eclipse/1.0.8}
21:00:30.023 [Worker-139: Launching Demo_src.main.java.testng.xml] INFO  c.b.BrowserStackPluginActivator - The previous launch removed.
21:00:30.024 [Worker-139: Launching Demo_src.main.java.testng.xml] INFO  c.b.BrowserStackPluginActivator - Existing javaagentArgline (BROWSERSTACK_JAVAAGENT_ARGLINE) in plugin prefs is 
21:00:30.026 [Worker-139: Launching Demo_src.main.java.testng.xml] INFO  c.b.BrowserStackPluginActivator - Prefs Keys []
21:00:30.027 [Worker-139: Launching Demo_src.main.java.testng.xml] INFO  c.b.BrowserStackPluginActivator - The environment variables for the launch configuration are {BROWSERSTACK_EXEC_SOURCE=eclipse/1.0.8}
21:05:30.343 [Worker-133: Launching demoTest] INFO  c.b.BrowserStackPluginActivator - The previous launch removed.
21:05:30.346 [Worker-133: Launching demoTest] INFO  c.b.BrowserStackPluginActivator - Existing javaagentArgline (BROWSERSTACK_JAVAAGENT_ARGLINE) in plugin prefs is 
21:05:30.347 [Worker-133: Launching demoTest] INFO  c.b.BrowserStackPluginActivator - Prefs Keys []
21:05:30.348 [Worker-133: Launching demoTest] INFO  c.b.BrowserStackPluginActivator - The environment variables for the launch configuration are {BROWSERSTACK_EXEC_SOURCE=eclipse/1.0.8}
21:10:24.398 [Worker-138: Launching demoTest] INFO  c.b.BrowserStackPluginActivator - The previous launch removed.
21:10:24.400 [Worker-138: Launching demoTest] INFO  c.b.BrowserStackPluginActivator - Existing javaagentArgline (BROWSERSTACK_JAVAAGENT_ARGLINE) in plugin prefs is 
21:10:24.401 [Worker-138: Launching demoTest] INFO  c.b.BrowserStackPluginActivator - Prefs Keys []
21:10:24.402 [Worker-138: Launching demoTest] INFO  c.b.BrowserStackPluginActivator - The environment variables for the launch configuration are {BROWSERSTACK_EXEC_SOURCE=eclipse/1.0.8}
21:15:28.859 [Worker-133: Launching Demo_src.main.java.testng.xml] INFO  c.b.BrowserStackPluginActivator - The previous launch removed.
21:15:28.880 [Worker-133: Launching Demo_src.main.java.testng.xml] INFO  c.b.BrowserStackPluginActivator - Existing javaagentArgline (BROWSERSTACK_JAVAAGENT_ARGLINE) in plugin prefs is 
21:15:28.884 [Worker-133: Launching Demo_src.main.java.testng.xml] INFO  c.b.BrowserStackPluginActivator - Prefs Keys []
21:15:28.886 [Worker-133: Launching Demo_src.main.java.testng.xml] INFO  c.b.BrowserStackPluginActivator - The environment variables for the launch configuration are {BROWSERSTACK_EXEC_SOURCE=eclipse/1.0.8}
21:17:18.863 [Worker-133: Launching Demo_src.main.java.testng.xml] INFO  c.b.BrowserStackPluginActivator - The previous launch removed.
21:17:18.864 [Worker-133: Launching Demo_src.main.java.testng.xml] INFO  c.b.BrowserStackPluginActivator - Existing javaagentArgline (BROWSERSTACK_JAVAAGENT_ARGLINE) in plugin prefs is 
21:17:18.866 [Worker-133: Launching Demo_src.main.java.testng.xml] INFO  c.b.BrowserStackPluginActivator - Prefs Keys []
21:17:18.870 [Worker-133: Launching Demo_src.main.java.testng.xml] INFO  c.b.BrowserStackPluginActivator - The environment variables for the launch configuration are {BROWSERSTACK_EXEC_SOURCE=eclipse/1.0.8}
21:36:09.347 [Worker-144: Launching Demo_src.main.java.testng.xml] INFO  c.b.BrowserStackPluginActivator - The previous launch removed.
21:36:09.376 [Worker-144: Launching Demo_src.main.java.testng.xml] INFO  c.b.BrowserStackPluginActivator - Existing javaagentArgline (BROWSERSTACK_JAVAAGENT_ARGLINE) in plugin prefs is 
21:36:09.379 [Worker-144: Launching Demo_src.main.java.testng.xml] INFO  c.b.BrowserStackPluginActivator - Prefs Keys []
21:36:09.380 [Worker-144: Launching Demo_src.main.java.testng.xml] INFO  c.b.BrowserStackPluginActivator - The environment variables for the launch configuration are {BROWSERSTACK_EXEC_SOURCE=eclipse/1.0.8}
21:37:14.705 [Worker-142: Launching demoTest.setup] INFO  c.b.BrowserStackPluginActivator - The previous launch removed.
21:37:14.707 [Worker-142: Launching demoTest.setup] INFO  c.b.BrowserStackPluginActivator - Existing javaagentArgline (BROWSERSTACK_JAVAAGENT_ARGLINE) in plugin prefs is 
21:37:14.709 [Worker-142: Launching demoTest.setup] INFO  c.b.BrowserStackPluginActivator - Prefs Keys []
21:37:14.710 [Worker-142: Launching demoTest.setup] INFO  c.b.BrowserStackPluginActivator - The environment variables for the launch configuration are {BROWSERSTACK_EXEC_SOURCE=eclipse/1.0.8}
21:37:16.499 [Worker-142: Launching demoTest.setup] INFO  c.b.BrowserStackPluginActivator - The previous launch removed.
21:37:29.277 [Worker-145: Launching Demo_src.main.java.testng.xml] INFO  c.b.BrowserStackPluginActivator - Existing javaagentArgline (BROWSERSTACK_JAVAAGENT_ARGLINE) in plugin prefs is 
21:37:29.281 [Worker-145: Launching Demo_src.main.java.testng.xml] INFO  c.b.BrowserStackPluginActivator - Prefs Keys []
21:37:29.282 [Worker-145: Launching Demo_src.main.java.testng.xml] INFO  c.b.BrowserStackPluginActivator - The environment variables for the launch configuration are {BROWSERSTACK_EXEC_SOURCE=eclipse/1.0.8}
21:38:05.348 [Worker-149: Launching Demo_src.main.java.testng.xml] INFO  c.b.BrowserStackPluginActivator - The previous launch removed.
21:38:05.348 [Worker-149: Launching Demo_src.main.java.testng.xml] INFO  c.b.BrowserStackPluginActivator - Existing javaagentArgline (BROWSERSTACK_JAVAAGENT_ARGLINE) in plugin prefs is 
21:38:05.351 [Worker-149: Launching Demo_src.main.java.testng.xml] INFO  c.b.BrowserStackPluginActivator - Prefs Keys []
21:38:05.351 [Worker-149: Launching Demo_src.main.java.testng.xml] INFO  c.b.BrowserStackPluginActivator - The environment variables for the launch configuration are {BROWSERSTACK_EXEC_SOURCE=eclipse/1.0.8}
21:39:49.816 [Worker-133: Launching Demo_src.main.java.testng.xml] INFO  c.b.BrowserStackPluginActivator - The previous launch removed.
21:39:49.817 [Worker-133: Launching Demo_src.main.java.testng.xml] INFO  c.b.BrowserStackPluginActivator - Existing javaagentArgline (BROWSERSTACK_JAVAAGENT_ARGLINE) in plugin prefs is 
21:39:49.819 [Worker-133: Launching Demo_src.main.java.testng.xml] INFO  c.b.BrowserStackPluginActivator - Prefs Keys []
21:39:49.820 [Worker-133: Launching Demo_src.main.java.testng.xml] INFO  c.b.BrowserStackPluginActivator - The environment variables for the launch configuration are {BROWSERSTACK_EXEC_SOURCE=eclipse/1.0.8}
21:45:08.615 [Worker-151: Launching demoTest] INFO  c.b.BrowserStackPluginActivator - The previous launch removed.
21:45:08.617 [Worker-151: Launching demoTest] INFO  c.b.BrowserStackPluginActivator - Existing javaagentArgline (BROWSERSTACK_JAVAAGENT_ARGLINE) in plugin prefs is 
21:45:08.619 [Worker-151: Launching demoTest] INFO  c.b.BrowserStackPluginActivator - Prefs Keys []
21:45:08.620 [Worker-151: Launching demoTest] INFO  c.b.BrowserStackPluginActivator - The environment variables for the launch configuration are {BROWSERSTACK_EXEC_SOURCE=eclipse/1.0.8}
21:46:06.606 [Worker-152: Launching Demo_src.main.java.testng.xml] INFO  c.b.BrowserStackPluginActivator - The previous launch removed.
21:46:06.607 [Worker-152: Launching Demo_src.main.java.testng.xml] INFO  c.b.BrowserStackPluginActivator - Existing javaagentArgline (BROWSERSTACK_JAVAAGENT_ARGLINE) in plugin prefs is 
21:46:06.611 [Worker-152: Launching Demo_src.main.java.testng.xml] INFO  c.b.BrowserStackPluginActivator - Prefs Keys []
21:46:06.611 [Worker-152: Launching Demo_src.main.java.testng.xml] INFO  c.b.BrowserStackPluginActivator - The environment variables for the launch configuration are {BROWSERSTACK_EXEC_SOURCE=eclipse/1.0.8}
21:48:22.380 [Worker-151: Launching Demo_src.main.java.testng.xml] INFO  c.b.BrowserStackPluginActivator - The previous launch removed.
21:48:22.381 [Worker-151: Launching Demo_src.main.java.testng.xml] INFO  c.b.BrowserStackPluginActivator - Existing javaagentArgline (BROWSERSTACK_JAVAAGENT_ARGLINE) in plugin prefs is 
21:48:22.383 [Worker-151: Launching Demo_src.main.java.testng.xml] INFO  c.b.BrowserStackPluginActivator - Prefs Keys []
21:48:22.384 [Worker-151: Launching Demo_src.main.java.testng.xml] INFO  c.b.BrowserStackPluginActivator - The environment variables for the launch configuration are {BROWSERSTACK_EXEC_SOURCE=eclipse/1.0.8}
21:49:29.841 [Worker-146: Launching Demo_src.main.java.testng.xml] INFO  c.b.BrowserStackPluginActivator - The previous launch removed.
21:49:29.843 [Worker-146: Launching Demo_src.main.java.testng.xml] INFO  c.b.BrowserStackPluginActivator - Existing javaagentArgline (BROWSERSTACK_JAVAAGENT_ARGLINE) in plugin prefs is 
21:49:29.845 [Worker-146: Launching Demo_src.main.java.testng.xml] INFO  c.b.BrowserStackPluginActivator - Prefs Keys []
21:49:29.845 [Worker-146: Launching Demo_src.main.java.testng.xml] INFO  c.b.BrowserStackPluginActivator - The environment variables for the launch configuration are {BROWSERSTACK_EXEC_SOURCE=eclipse/1.0.8}
21:51:00.924 [Worker-151: Launching Demo_src.main.java.testng.xml] INFO  c.b.BrowserStackPluginActivator - The previous launch removed.
21:51:00.926 [Worker-151: Launching Demo_src.main.java.testng.xml] INFO  c.b.BrowserStackPluginActivator - Existing javaagentArgline (BROWSERSTACK_JAVAAGENT_ARGLINE) in plugin prefs is 
21:51:00.930 [Worker-151: Launching Demo_src.main.java.testng.xml] INFO  c.b.BrowserStackPluginActivator - Prefs Keys []
21:51:00.931 [Worker-151: Launching Demo_src.main.java.testng.xml] INFO  c.b.BrowserStackPluginActivator - The environment variables for the launch configuration are {BROWSERSTACK_EXEC_SOURCE=eclipse/1.0.8}
21:52:08.051 [Worker-149: Launching Demo_src.main.java.testng.xml] INFO  c.b.BrowserStackPluginActivator - The previous launch removed.
21:52:08.053 [Worker-149: Launching Demo_src.main.java.testng.xml] INFO  c.b.BrowserStackPluginActivator - Existing javaagentArgline (BROWSERSTACK_JAVAAGENT_ARGLINE) in plugin prefs is 
21:52:08.054 [Worker-149: Launching Demo_src.main.java.testng.xml] INFO  c.b.BrowserStackPluginActivator - Prefs Keys []
21:52:08.055 [Worker-149: Launching Demo_src.main.java.testng.xml] INFO  c.b.BrowserStackPluginActivator - The environment variables for the launch configuration are {BROWSERSTACK_EXEC_SOURCE=eclipse/1.0.8}
21:55:15.856 [Worker-159: Launching Demo_src.main.java.testng.xml] INFO  c.b.BrowserStackPluginActivator - The previous launch removed.
21:55:15.859 [Worker-159: Launching Demo_src.main.java.testng.xml] INFO  c.b.BrowserStackPluginActivator - Existing javaagentArgline (BROWSERSTACK_JAVAAGENT_ARGLINE) in plugin prefs is 
21:55:15.862 [Worker-159: Launching Demo_src.main.java.testng.xml] INFO  c.b.BrowserStackPluginActivator - Prefs Keys []
21:55:15.863 [Worker-159: Launching Demo_src.main.java.testng.xml] INFO  c.b.BrowserStackPluginActivator - The environment variables for the launch configuration are {BROWSERSTACK_EXEC_SOURCE=eclipse/1.0.8}
22:16:48.238 [Worker-166: Launching Demo_src.main.java.testng.xml] INFO  c.b.BrowserStackPluginActivator - The previous launch removed.
22:16:48.249 [Worker-166: Launching Demo_src.main.java.testng.xml] INFO  c.b.BrowserStackPluginActivator - Existing javaagentArgline (BROWSERSTACK_JAVAAGENT_ARGLINE) in plugin prefs is 
22:16:48.252 [Worker-166: Launching Demo_src.main.java.testng.xml] INFO  c.b.BrowserStackPluginActivator - Prefs Keys []
22:16:48.253 [Worker-166: Launching Demo_src.main.java.testng.xml] INFO  c.b.BrowserStackPluginActivator - The environment variables for the launch configuration are {BROWSERSTACK_EXEC_SOURCE=eclipse/1.0.8}
22:17:20.306 [Worker-165: Launching Demo_src.main.java.testng.xml] INFO  c.b.BrowserStackPluginActivator - The previous launch removed.
22:17:20.307 [Worker-165: Launching Demo_src.main.java.testng.xml] INFO  c.b.BrowserStackPluginActivator - Existing javaagentArgline (BROWSERSTACK_JAVAAGENT_ARGLINE) in plugin prefs is 
22:17:20.309 [Worker-165: Launching Demo_src.main.java.testng.xml] INFO  c.b.BrowserStackPluginActivator - Prefs Keys []
22:17:20.310 [Worker-165: Launching Demo_src.main.java.testng.xml] INFO  c.b.BrowserStackPluginActivator - The environment variables for the launch configuration are {BROWSERSTACK_EXEC_SOURCE=eclipse/1.0.8}
22:21:47.374 [Worker-170: Launching Demo_src.main.java.testng.xml] INFO  c.b.BrowserStackPluginActivator - The previous launch removed.
22:21:47.377 [Worker-170: Launching Demo_src.main.java.testng.xml] INFO  c.b.BrowserStackPluginActivator - Existing javaagentArgline (BROWSERSTACK_JAVAAGENT_ARGLINE) in plugin prefs is 
22:21:47.380 [Worker-170: Launching Demo_src.main.java.testng.xml] INFO  c.b.BrowserStackPluginActivator - Prefs Keys []
22:21:47.381 [Worker-170: Launching Demo_src.main.java.testng.xml] INFO  c.b.BrowserStackPluginActivator - The environment variables for the launch configuration are {BROWSERSTACK_EXEC_SOURCE=eclipse/1.0.8}
22:22:13.741 [Worker-170: Launching Demo_src.main.java.testng.xml] INFO  c.b.BrowserStackPluginActivator - The previous launch removed.
22:22:13.742 [Worker-170: Launching Demo_src.main.java.testng.xml] INFO  c.b.BrowserStackPluginActivator - Existing javaagentArgline (BROWSERSTACK_JAVAAGENT_ARGLINE) in plugin prefs is 
22:22:13.743 [Worker-170: Launching Demo_src.main.java.testng.xml] INFO  c.b.BrowserStackPluginActivator - Prefs Keys []
22:22:13.745 [Worker-170: Launching Demo_src.main.java.testng.xml] INFO  c.b.BrowserStackPluginActivator - The environment variables for the launch configuration are {BROWSERSTACK_EXEC_SOURCE=eclipse/1.0.8}
22:30:55.133 [Worker-172: Launching Demo_src.main.java.testng.xml] INFO  c.b.BrowserStackPluginActivator - The previous launch removed.
22:30:55.139 [Worker-172: Launching Demo_src.main.java.testng.xml] INFO  c.b.BrowserStackPluginActivator - Existing javaagentArgline (BROWSERSTACK_JAVAAGENT_ARGLINE) in plugin prefs is 
22:30:55.141 [Worker-172: Launching Demo_src.main.java.testng.xml] INFO  c.b.BrowserStackPluginActivator - Prefs Keys []
22:30:55.142 [Worker-172: Launching Demo_src.main.java.testng.xml] INFO  c.b.BrowserStackPluginActivator - The environment variables for the launch configuration are {BROWSERSTACK_EXEC_SOURCE=eclipse/1.0.8}
22:31:42.668 [Worker-172: Launching Demo_src.main.java.testng.xml] INFO  c.b.BrowserStackPluginActivator - The previous launch removed.
22:31:42.670 [Worker-172: Launching Demo_src.main.java.testng.xml] INFO  c.b.BrowserStackPluginActivator - Existing javaagentArgline (BROWSERSTACK_JAVAAGENT_ARGLINE) in plugin prefs is 
22:31:42.673 [Worker-172: Launching Demo_src.main.java.testng.xml] INFO  c.b.BrowserStackPluginActivator - Prefs Keys []
22:31:42.673 [Worker-172: Launching Demo_src.main.java.testng.xml] INFO  c.b.BrowserStackPluginActivator - The environment variables for the launch configuration are {BROWSERSTACK_EXEC_SOURCE=eclipse/1.0.8}
22:35:13.882 [Worker-172: Launching Demo_src.main.java.testng.xml] INFO  c.b.BrowserStackPluginActivator - The previous launch removed.
22:35:13.885 [Worker-172: Launching Demo_src.main.java.testng.xml] INFO  c.b.BrowserStackPluginActivator - Existing javaagentArgline (BROWSERSTACK_JAVAAGENT_ARGLINE) in plugin prefs is 
22:35:13.888 [Worker-172: Launching Demo_src.main.java.testng.xml] INFO  c.b.BrowserStackPluginActivator - Prefs Keys []
22:35:13.890 [Worker-172: Launching Demo_src.main.java.testng.xml] INFO  c.b.BrowserStackPluginActivator - The environment variables for the launch configuration are {BROWSERSTACK_EXEC_SOURCE=eclipse/1.0.8}
22:35:54.739 [Worker-181: Launching Demo_src.main.java.testng.xml] INFO  c.b.BrowserStackPluginActivator - The previous launch removed.
22:35:54.740 [Worker-181: Launching Demo_src.main.java.testng.xml] INFO  c.b.BrowserStackPluginActivator - Existing javaagentArgline (BROWSERSTACK_JAVAAGENT_ARGLINE) in plugin prefs is 
22:35:54.763 [Worker-181: Launching Demo_src.main.java.testng.xml] INFO  c.b.BrowserStackPluginActivator - Prefs Keys []
22:35:54.763 [Worker-181: Launching Demo_src.main.java.testng.xml] INFO  c.b.BrowserStackPluginActivator - The environment variables for the launch configuration are {BROWSERSTACK_EXEC_SOURCE=eclipse/1.0.8}
22:36:19.935 [Worker-167: Launching Demo_src.main.java.testng.xml] INFO  c.b.BrowserStackPluginActivator - The previous launch removed.
22:36:19.936 [Worker-167: Launching Demo_src.main.java.testng.xml] INFO  c.b.BrowserStackPluginActivator - Existing javaagentArgline (BROWSERSTACK_JAVAAGENT_ARGLINE) in plugin prefs is 
22:36:19.938 [Worker-167: Launching Demo_src.main.java.testng.xml] INFO  c.b.BrowserStackPluginActivator - Prefs Keys []
22:36:19.939 [Worker-167: Launching Demo_src.main.java.testng.xml] INFO  c.b.BrowserStackPluginActivator - The environment variables for the launch configuration are {BROWSERSTACK_EXEC_SOURCE=eclipse/1.0.8}
22:36:50.129 [Worker-181: Launching Demo_src.main.java.testng.xml] INFO  c.b.BrowserStackPluginActivator - The previous launch removed.
22:36:50.130 [Worker-181: Launching Demo_src.main.java.testng.xml] INFO  c.b.BrowserStackPluginActivator - Existing javaagentArgline (BROWSERSTACK_JAVAAGENT_ARGLINE) in plugin prefs is 
22:36:50.131 [Worker-181: Launching Demo_src.main.java.testng.xml] INFO  c.b.BrowserStackPluginActivator - Prefs Keys []
22:36:50.131 [Worker-181: Launching Demo_src.main.java.testng.xml] INFO  c.b.BrowserStackPluginActivator - The environment variables for the launch configuration are {BROWSERSTACK_EXEC_SOURCE=eclipse/1.0.8}
22:39:17.212 [Worker-183: Launching Demo_src.main.java.testng.xml] INFO  c.b.BrowserStackPluginActivator - The previous launch removed.
22:39:17.216 [Worker-183: Launching Demo_src.main.java.testng.xml] INFO  c.b.BrowserStackPluginActivator - Existing javaagentArgline (BROWSERSTACK_JAVAAGENT_ARGLINE) in plugin prefs is 
22:39:17.219 [Worker-183: Launching Demo_src.main.java.testng.xml] INFO  c.b.BrowserStackPluginActivator - Prefs Keys []
22:39:17.220 [Worker-183: Launching Demo_src.main.java.testng.xml] INFO  c.b.BrowserStackPluginActivator - The environment variables for the launch configuration are {BROWSERSTACK_EXEC_SOURCE=eclipse/1.0.8}
22:42:36.275 [Worker-172: Launching Demo_src.main.java.testng.xml] INFO  c.b.BrowserStackPluginActivator - The previous launch removed.
22:42:36.277 [Worker-172: Launching Demo_src.main.java.testng.xml] INFO  c.b.BrowserStackPluginActivator - Existing javaagentArgline (BROWSERSTACK_JAVAAGENT_ARGLINE) in plugin prefs is 
22:42:36.279 [Worker-172: Launching Demo_src.main.java.testng.xml] INFO  c.b.BrowserStackPluginActivator - Prefs Keys []
22:42:36.280 [Worker-172: Launching Demo_src.main.java.testng.xml] INFO  c.b.BrowserStackPluginActivator - The environment variables for the launch configuration are {BROWSERSTACK_EXEC_SOURCE=eclipse/1.0.8}
22:46:46.908 [Worker-167: Launching Demo_src.main.java.testng.xml] INFO  c.b.BrowserStackPluginActivator - The previous launch removed.
22:46:46.919 [Worker-167: Launching Demo_src.main.java.testng.xml] INFO  c.b.BrowserStackPluginActivator - Existing javaagentArgline (BROWSERSTACK_JAVAAGENT_ARGLINE) in plugin prefs is 
22:46:46.923 [Worker-167: Launching Demo_src.main.java.testng.xml] INFO  c.b.BrowserStackPluginActivator - Prefs Keys []
22:46:46.924 [Worker-167: Launching Demo_src.main.java.testng.xml] INFO  c.b.BrowserStackPluginActivator - The environment variables for the launch configuration are {BROWSERSTACK_EXEC_SOURCE=eclipse/1.0.8}
22:47:44.691 [Worker-186: Launching Demo_src.main.java.testng.xml] INFO  c.b.BrowserStackPluginActivator - The previous launch removed.
22:47:44.694 [Worker-186: Launching Demo_src.main.java.testng.xml] INFO  c.b.BrowserStackPluginActivator - Existing javaagentArgline (BROWSERSTACK_JAVAAGENT_ARGLINE) in plugin prefs is 
22:47:44.697 [Worker-186: Launching Demo_src.main.java.testng.xml] INFO  c.b.BrowserStackPluginActivator - Prefs Keys []
22:47:44.698 [Worker-186: Launching Demo_src.main.java.testng.xml] INFO  c.b.BrowserStackPluginActivator - The environment variables for the launch configuration are {BROWSERSTACK_EXEC_SOURCE=eclipse/1.0.8}
22:51:59.288 [Worker-184: Launching Demo_src.main.java.testng.xml] INFO  c.b.BrowserStackPluginActivator - The previous launch removed.
22:51:59.315 [Worker-184: Launching Demo_src.main.java.testng.xml] INFO  c.b.BrowserStackPluginActivator - Existing javaagentArgline (BROWSERSTACK_JAVAAGENT_ARGLINE) in plugin prefs is 
22:51:59.319 [Worker-184: Launching Demo_src.main.java.testng.xml] INFO  c.b.BrowserStackPluginActivator - Prefs Keys []
22:51:59.321 [Worker-184: Launching Demo_src.main.java.testng.xml] INFO  c.b.BrowserStackPluginActivator - The environment variables for the launch configuration are {BROWSERSTACK_EXEC_SOURCE=eclipse/1.0.8}
22:52:01.497 [Worker-184: Launching Demo_src.main.java.testng.xml] INFO  c.b.BrowserStackPluginActivator - The previous launch removed.
22:52:23.437 [Worker-182: Launching Demo_src.main.java.testng.xml] INFO  c.b.BrowserStackPluginActivator - Existing javaagentArgline (BROWSERSTACK_JAVAAGENT_ARGLINE) in plugin prefs is 
22:52:23.439 [Worker-182: Launching Demo_src.main.java.testng.xml] INFO  c.b.BrowserStackPluginActivator - Prefs Keys []
22:52:23.439 [Worker-182: Launching Demo_src.main.java.testng.xml] INFO  c.b.BrowserStackPluginActivator - The environment variables for the launch configuration are {BROWSERSTACK_EXEC_SOURCE=eclipse/1.0.8}
22:53:22.188 [main] INFO  c.b.a.BrowserStackPropertyTester - Testing : isBrowserStackEnabled
22:53:22.194 [main] INFO  c.b.BrowserStackPluginActivator - Prefs Keys []
22:53:22.197 [main] INFO  c.b.a.BrowserStackPropertyTester - Validation Result isBrowserStackEnabled : true P/Demo
22:53:22.198 [main] INFO  c.b.a.BrowserStackPropertyTester - Testing : isBrowserStackDisabled
22:53:22.198 [main] INFO  c.b.BrowserStackPluginActivator - Prefs Keys []
22:53:22.199 [main] INFO  c.b.a.BrowserStackPropertyTester - Validation Result isBrowserStackDisabled : false P/Demo
22:57:40.711 [Worker-182: Launching Demo_src.main.java.testng.xml] INFO  c.b.BrowserStackPluginActivator - The previous launch removed.
22:57:40.716 [Worker-182: Launching Demo_src.main.java.testng.xml] INFO  c.b.BrowserStackPluginActivator - Existing javaagentArgline (BROWSERSTACK_JAVAAGENT_ARGLINE) in plugin prefs is 
22:57:40.718 [Worker-182: Launching Demo_src.main.java.testng.xml] INFO  c.b.BrowserStackPluginActivator - Prefs Keys []
22:57:40.719 [Worker-182: Launching Demo_src.main.java.testng.xml] INFO  c.b.BrowserStackPluginActivator - The environment variables for the launch configuration are {BROWSERSTACK_EXEC_SOURCE=eclipse/1.0.8}
23:00:53.257 [Worker-184: Launching Demo_src.main.java.testng.xml] INFO  c.b.BrowserStackPluginActivator - The previous launch removed.
23:00:53.262 [Worker-184: Launching Demo_src.main.java.testng.xml] INFO  c.b.BrowserStackPluginActivator - Existing javaagentArgline (BROWSERSTACK_JAVAAGENT_ARGLINE) in plugin prefs is 
23:00:53.267 [Worker-184: Launching Demo_src.main.java.testng.xml] INFO  c.b.BrowserStackPluginActivator - Prefs Keys []
23:00:53.268 [Worker-184: Launching Demo_src.main.java.testng.xml] INFO  c.b.BrowserStackPluginActivator - The environment variables for the launch configuration are {BROWSERSTACK_EXEC_SOURCE=eclipse/1.0.8}
23:04:44.972 [Worker-188: Launching demoTest] INFO  c.b.BrowserStackPluginActivator - The previous launch removed.
23:04:45.018 [Worker-188: Launching demoTest] INFO  c.b.BrowserStackPluginActivator - Existing javaagentArgline (BROWSERSTACK_JAVAAGENT_ARGLINE) in plugin prefs is 
23:04:45.032 [Worker-188: Launching demoTest] INFO  c.b.BrowserStackPluginActivator - Prefs Keys []
23:04:45.038 [Worker-188: Launching demoTest] INFO  c.b.BrowserStackPluginActivator - The environment variables for the launch configuration are {BROWSERSTACK_EXEC_SOURCE=eclipse/1.0.8}
23:05:35.658 [Worker-193: Launching Demo_src.main.java.testng.xml] INFO  c.b.BrowserStackPluginActivator - The previous launch removed.
23:05:35.660 [Worker-193: Launching Demo_src.main.java.testng.xml] INFO  c.b.BrowserStackPluginActivator - Existing javaagentArgline (BROWSERSTACK_JAVAAGENT_ARGLINE) in plugin prefs is 
23:05:35.663 [Worker-193: Launching Demo_src.main.java.testng.xml] INFO  c.b.BrowserStackPluginActivator - Prefs Keys []
23:05:35.664 [Worker-193: Launching Demo_src.main.java.testng.xml] INFO  c.b.BrowserStackPluginActivator - The environment variables for the launch configuration are {BROWSERSTACK_EXEC_SOURCE=eclipse/1.0.8}
23:08:34.669 [Worker-194: Launching Demo_src.main.java.testng.xml] INFO  c.b.BrowserStackPluginActivator - The previous launch removed.
23:08:34.672 [Worker-194: Launching Demo_src.main.java.testng.xml] INFO  c.b.BrowserStackPluginActivator - Existing javaagentArgline (BROWSERSTACK_JAVAAGENT_ARGLINE) in plugin prefs is 
23:08:34.677 [Worker-194: Launching Demo_src.main.java.testng.xml] INFO  c.b.BrowserStackPluginActivator - Prefs Keys []
23:08:34.678 [Worker-194: Launching Demo_src.main.java.testng.xml] INFO  c.b.BrowserStackPluginActivator - The environment variables for the launch configuration are {BROWSERSTACK_EXEC_SOURCE=eclipse/1.0.8}
